{"/home/my/Desktop/dice-app/Dice-Game-in-React/src/App.jsx": {"path":"/home/my/Desktop/dice-app/Dice-Game-in-React/src/App.jsx","statementMap":{"0":{"start":{"line":9,"column":36},"end":{"line":9,"column":51}},"1":{"start":{"line":12,"column":27},"end":{"line":14,"column":5}},"2":{"start":{"line":13,"column":8},"end":{"line":13,"column":37}},"3":{"start":{"line":13,"column":30},"end":{"line":13,"column":35}},"4":{"start":{"line":15,"column":4},"end":{"line":15,"column":83}}},"fnMap":{"0":{"name":"App","decl":{"start":{"line":7,"column":9},"end":{"line":7,"column":12}},"loc":{"start":{"line":7,"column":15},"end":{"line":17,"column":1}},"line":7},"1":{"name":"(anonymous_1)","decl":{"start":{"line":12,"column":27},"end":{"line":12,"column":28}},"loc":{"start":{"line":12,"column":33},"end":{"line":14,"column":5}},"line":12},"2":{"name":"(anonymous_2)","decl":{"start":{"line":13,"column":20},"end":{"line":13,"column":21}},"loc":{"start":{"line":13,"column":30},"end":{"line":13,"column":35}},"line":13}},"branchMap":{"0":{"loc":{"start":{"line":15,"column":17},"end":{"line":15,"column":75}},"type":"cond-expr","locations":[{"start":{"line":15,"column":28},"end":{"line":15,"column":40}},{"start":{"line":15,"column":43},"end":{"line":15,"column":75}}],"line":15}},"s":{"0":5,"1":4,"2":2,"3":2,"4":4},"f":{"0":5,"1":2,"2":2},"b":{"0":[2,2]},"_coverageSchema":"1a1c01bbd47fc00a2c39e90264f33305004495a9","hash":"ab5f5a307f4b5a544bb4a4bf1d63f9bd7e99b8ad"}
,"/home/my/Desktop/dice-app/Dice-Game-in-React/src/Components/GamePlay.jsx": {"path":"/home/my/Desktop/dice-app/Dice-Game-in-React/src/Components/GamePlay.jsx","statementMap":{"0":{"start":{"line":9,"column":40},"end":{"line":9,"column":51}},"1":{"start":{"line":11,"column":48},"end":{"line":11,"column":62}},"2":{"start":{"line":13,"column":38},"end":{"line":13,"column":53}},"3":{"start":{"line":15,"column":27},"end":{"line":33,"column":5}},"4":{"start":{"line":16,"column":8},"end":{"line":16,"column":52}},"5":{"start":{"line":19,"column":8},"end":{"line":32,"column":9}},"6":{"start":{"line":21,"column":12},"end":{"line":29,"column":13}},"7":{"start":{"line":22,"column":16},"end":{"line":22,"column":40}},"8":{"start":{"line":24,"column":16},"end":{"line":24,"column":57}},"9":{"start":{"line":26,"column":16},"end":{"line":26,"column":44}},"10":{"start":{"line":28,"column":16},"end":{"line":28,"column":59}},"11":{"start":{"line":31,"column":12},"end":{"line":31,"column":31}},"12":{"start":{"line":36,"column":31},"end":{"line":40,"column":5}},"13":{"start":{"line":37,"column":8},"end":{"line":37,"column":56}},"14":{"start":{"line":38,"column":8},"end":{"line":38,"column":48}},"15":{"start":{"line":39,"column":8},"end":{"line":39,"column":34}},"16":{"start":{"line":43,"column":29},"end":{"line":45,"column":5}},"17":{"start":{"line":44,"column":8},"end":{"line":44,"column":25}},"18":{"start":{"line":47,"column":4},"end":{"line":63,"column":6}},"19":{"start":{"line":52,"column":43},"end":{"line":52,"column":62}},"20":{"start":{"line":68,"column":23},"end":{"line":81,"column":1}},"21":{"start":{"line":83,"column":18},"end":{"line":93,"column":1}}},"fnMap":{"0":{"name":"GamePlay","decl":{"start":{"line":8,"column":9},"end":{"line":8,"column":17}},"loc":{"start":{"line":8,"column":20},"end":{"line":64,"column":1}},"line":8},"1":{"name":"(anonymous_1)","decl":{"start":{"line":15,"column":27},"end":{"line":15,"column":28}},"loc":{"start":{"line":15,"column":45},"end":{"line":33,"column":5}},"line":15},"2":{"name":"(anonymous_2)","decl":{"start":{"line":36,"column":31},"end":{"line":36,"column":32}},"loc":{"start":{"line":36,"column":43},"end":{"line":40,"column":5}},"line":36},"3":{"name":"(anonymous_3)","decl":{"start":{"line":43,"column":29},"end":{"line":43,"column":30}},"loc":{"start":{"line":43,"column":35},"end":{"line":45,"column":5}},"line":43},"4":{"name":"(anonymous_4)","decl":{"start":{"line":52,"column":37},"end":{"line":52,"column":38}},"loc":{"start":{"line":52,"column":43},"end":{"line":52,"column":62}},"line":52}},"branchMap":{"0":{"loc":{"start":{"line":19,"column":8},"end":{"line":32,"column":9}},"type":"if","locations":[{"start":{"line":19,"column":8},"end":{"line":32,"column":9}},{"start":{"line":30,"column":15},"end":{"line":32,"column":9}}],"line":19},"1":{"loc":{"start":{"line":21,"column":12},"end":{"line":29,"column":13}},"type":"if","locations":[{"start":{"line":21,"column":12},"end":{"line":29,"column":13}},{"start":{"line":25,"column":19},"end":{"line":29,"column":13}}],"line":21},"2":{"loc":{"start":{"line":49,"column":13},"end":{"line":54,"column":13}},"type":"binary-expr","locations":[{"start":{"line":49,"column":13},"end":{"line":49,"column":22}},{"start":{"line":50,"column":16},"end":{"line":53,"column":33}}],"line":49}},"s":{"0":4,"1":3,"2":3,"3":3,"4":0,"5":0,"6":0,"7":0,"8":0,"9":0,"10":0,"11":0,"12":3,"13":0,"14":0,"15":0,"16":3,"17":0,"18":3,"19":0,"20":1,"21":1},"f":{"0":4,"1":0,"2":0,"3":0,"4":0},"b":{"0":[0,0],"1":[0,0],"2":[3,0]},"_coverageSchema":"1a1c01bbd47fc00a2c39e90264f33305004495a9","hash":"d8d4954b1199445983813a5241af6ef8cde48e42"}
,"/home/my/Desktop/dice-app/Dice-Game-in-React/src/Components/Home.jsx": {"path":"/home/my/Desktop/dice-app/Dice-Game-in-React/src/Components/Home.jsx","statementMap":{"0":{"start":{"line":5,"column":4},"end":{"line":15,"column":6}},"1":{"start":{"line":20,"column":18},"end":{"line":32,"column":1}},"2":{"start":{"line":34,"column":15},"end":{"line":47,"column":1}}},"fnMap":{"0":{"name":"Home","decl":{"start":{"line":4,"column":9},"end":{"line":4,"column":13}},"loc":{"start":{"line":4,"column":24},"end":{"line":16,"column":1}},"line":4}},"branchMap":{},"s":{"0":4,"1":2,"2":2},"f":{"0":4},"b":{},"_coverageSchema":"1a1c01bbd47fc00a2c39e90264f33305004495a9","hash":"0c188124c5db12f253bfd4108254cfb2786fd431"}
,"/home/my/Desktop/dice-app/Dice-Game-in-React/src/Components/RollDice.jsx": {"path":"/home/my/Desktop/dice-app/Dice-Game-in-React/src/Components/RollDice.jsx","statementMap":{"0":{"start":{"line":12,"column":44},"end":{"line":12,"column":55}},"1":{"start":{"line":13,"column":38},"end":{"line":13,"column":53}},"2":{"start":{"line":17,"column":8},"end":{"line":17,"column":61}},"3":{"start":{"line":21,"column":23},"end":{"line":25,"column":5}},"4":{"start":{"line":22,"column":29},"end":{"line":22,"column":50}},"5":{"start":{"line":23,"column":8},"end":{"line":23,"column":38}},"6":{"start":{"line":24,"column":8},"end":{"line":24,"column":29}},"7":{"start":{"line":29,"column":8},"end":{"line":44,"column":9}},"8":{"start":{"line":31,"column":16},"end":{"line":31,"column":30}},"9":{"start":{"line":33,"column":16},"end":{"line":33,"column":30}},"10":{"start":{"line":35,"column":16},"end":{"line":35,"column":30}},"11":{"start":{"line":37,"column":16},"end":{"line":37,"column":30}},"12":{"start":{"line":39,"column":16},"end":{"line":39,"column":30}},"13":{"start":{"line":41,"column":16},"end":{"line":41,"column":30}},"14":{"start":{"line":43,"column":16},"end":{"line":43,"column":28}},"15":{"start":{"line":47,"column":34},"end":{"line":49,"column":5}},"16":{"start":{"line":48,"column":8},"end":{"line":48,"column":21}},"17":{"start":{"line":52,"column":28},"end":{"line":54,"column":5}},"18":{"start":{"line":53,"column":8},"end":{"line":53,"column":33}},"19":{"start":{"line":55,"column":4},"end":{"line":77,"column":6}},"20":{"start":{"line":82,"column":26},"end":{"line":125,"column":1}}},"fnMap":{"0":{"name":"RollDice","decl":{"start":{"line":11,"column":9},"end":{"line":11,"column":17}},"loc":{"start":{"line":11,"column":40},"end":{"line":78,"column":1}},"line":11},"1":{"name":"getRandomNumber","decl":{"start":{"line":16,"column":13},"end":{"line":16,"column":28}},"loc":{"start":{"line":16,"column":39},"end":{"line":18,"column":5}},"line":16},"2":{"name":"(anonymous_2)","decl":{"start":{"line":21,"column":23},"end":{"line":21,"column":24}},"loc":{"start":{"line":21,"column":29},"end":{"line":25,"column":5}},"line":21},"3":{"name":"getImageSource","decl":{"start":{"line":28,"column":13},"end":{"line":28,"column":27}},"loc":{"start":{"line":28,"column":42},"end":{"line":45,"column":5}},"line":28},"4":{"name":"(anonymous_4)","decl":{"start":{"line":47,"column":34},"end":{"line":47,"column":35}},"loc":{"start":{"line":47,"column":40},"end":{"line":49,"column":5}},"line":47},"5":{"name":"(anonymous_5)","decl":{"start":{"line":52,"column":28},"end":{"line":52,"column":29}},"loc":{"start":{"line":52,"column":34},"end":{"line":54,"column":5}},"line":52}},"branchMap":{"0":{"loc":{"start":{"line":29,"column":8},"end":{"line":44,"column":9}},"type":"switch","locations":[{"start":{"line":30,"column":12},"end":{"line":31,"column":30}},{"start":{"line":32,"column":12},"end":{"line":33,"column":30}},{"start":{"line":34,"column":12},"end":{"line":35,"column":30}},{"start":{"line":36,"column":12},"end":{"line":37,"column":30}},{"start":{"line":38,"column":12},"end":{"line":39,"column":30}},{"start":{"line":40,"column":12},"end":{"line":41,"column":30}},{"start":{"line":42,"column":12},"end":{"line":43,"column":28}}],"line":29},"1":{"loc":{"start":{"line":67,"column":13},"end":{"line":75,"column":13}},"type":"binary-expr","locations":[{"start":{"line":67,"column":13},"end":{"line":67,"column":22}},{"start":{"line":68,"column":16},"end":{"line":74,"column":21}}],"line":67}},"s":{"0":3,"1":3,"2":0,"3":3,"4":0,"5":0,"6":0,"7":3,"8":3,"9":0,"10":0,"11":0,"12":0,"13":0,"14":0,"15":3,"16":0,"17":3,"18":0,"19":3,"20":1},"f":{"0":3,"1":0,"2":0,"3":3,"4":0,"5":0},"b":{"0":[3,0,0,0,0,0,0],"1":[3,0]},"_coverageSchema":"1a1c01bbd47fc00a2c39e90264f33305004495a9","hash":"dd13d9b5780daabd9637143ab721819e3fe01bb9"}
,"/home/my/Desktop/dice-app/Dice-Game-in-React/src/Components/SelectNumber.jsx": {"path":"/home/my/Desktop/dice-app/Dice-Game-in-React/src/Components/SelectNumber.jsx","statementMap":{"0":{"start":{"line":6,"column":44},"end":{"line":6,"column":54}},"1":{"start":{"line":8,"column":23},"end":{"line":8,"column":41}},"2":{"start":{"line":11,"column":31},"end":{"line":15,"column":5}},"3":{"start":{"line":12,"column":8},"end":{"line":12,"column":32}},"4":{"start":{"line":13,"column":8},"end":{"line":13,"column":31}},"5":{"start":{"line":17,"column":4},"end":{"line":29,"column":6}},"6":{"start":{"line":22,"column":20},"end":{"line":24,"column":26}},"7":{"start":{"line":22,"column":48},"end":{"line":22,"column":73}},"8":{"start":{"line":34,"column":23},"end":{"line":45,"column":1}},"9":{"start":{"line":47,"column":12},"end":{"line":58,"column":1}},"10":{"start":{"line":56,"column":36},"end":{"line":56,"column":72}},"11":{"start":{"line":57,"column":25},"end":{"line":57,"column":61}}},"fnMap":{"0":{"name":"SelectNumber","decl":{"start":{"line":5,"column":9},"end":{"line":5,"column":21}},"loc":{"start":{"line":5,"column":40},"end":{"line":30,"column":1}},"line":5},"1":{"name":"(anonymous_1)","decl":{"start":{"line":11,"column":31},"end":{"line":11,"column":32}},"loc":{"start":{"line":11,"column":43},"end":{"line":15,"column":5}},"line":11},"2":{"name":"(anonymous_2)","decl":{"start":{"line":21,"column":32},"end":{"line":21,"column":33}},"loc":{"start":{"line":22,"column":20},"end":{"line":24,"column":26}},"line":22},"3":{"name":"(anonymous_3)","decl":{"start":{"line":22,"column":42},"end":{"line":22,"column":43}},"loc":{"start":{"line":22,"column":48},"end":{"line":22,"column":73}},"line":22},"4":{"name":"(anonymous_4)","decl":{"start":{"line":56,"column":24},"end":{"line":56,"column":25}},"loc":{"start":{"line":56,"column":36},"end":{"line":56,"column":72}},"line":56},"5":{"name":"(anonymous_5)","decl":{"start":{"line":57,"column":13},"end":{"line":57,"column":14}},"loc":{"start":{"line":57,"column":25},"end":{"line":57,"column":61}},"line":57}},"branchMap":{"0":{"loc":{"start":{"line":56,"column":36},"end":{"line":56,"column":72}},"type":"cond-expr","locations":[{"start":{"line":56,"column":55},"end":{"line":56,"column":62}},{"start":{"line":56,"column":65},"end":{"line":56,"column":72}}],"line":56},"1":{"loc":{"start":{"line":57,"column":25},"end":{"line":57,"column":61}},"type":"cond-expr","locations":[{"start":{"line":57,"column":44},"end":{"line":57,"column":51}},{"start":{"line":57,"column":54},"end":{"line":57,"column":61}}],"line":57}},"s":{"0":3,"1":3,"2":3,"3":0,"4":0,"5":3,"6":18,"7":0,"8":1,"9":1,"10":18,"11":18},"f":{"0":3,"1":0,"2":18,"3":0,"4":18,"5":18},"b":{"0":[0,18],"1":[0,18]},"_coverageSchema":"1a1c01bbd47fc00a2c39e90264f33305004495a9","hash":"57f9207afad39f1bf6fbdb8162d6c52487f5b7c9"}
,"/home/my/Desktop/dice-app/Dice-Game-in-React/src/Components/TotalScore.jsx": {"path":"/home/my/Desktop/dice-app/Dice-Game-in-React/src/Components/TotalScore.jsx","statementMap":{"0":{"start":{"line":5,"column":4},"end":{"line":10,"column":6}},"1":{"start":{"line":15,"column":23},"end":{"line":26,"column":1}}},"fnMap":{"0":{"name":"TotalScore","decl":{"start":{"line":4,"column":9},"end":{"line":4,"column":19}},"loc":{"start":{"line":4,"column":29},"end":{"line":11,"column":1}},"line":4}},"branchMap":{},"s":{"0":3,"1":1},"f":{"0":3},"b":{},"_coverageSchema":"1a1c01bbd47fc00a2c39e90264f33305004495a9","hash":"0b3e88041eaa2f306a970486a847017a382dd633"}
}
