TN:
SF:src/App.jsx
FN:7,App
FN:12,(anonymous_1)
FN:13,(anonymous_2)
FNF:3
FNH:3
FNDA:5,App
FNDA:2,(anonymous_1)
FNDA:2,(anonymous_2)
DA:9,5
DA:12,4
DA:13,2
DA:15,4
LF:4
LH:4
BRDA:15,0,0,2
BRDA:15,0,1,2
BRF:2
BRH:2
end_of_record
TN:
SF:src/Components/GamePlay.jsx
FN:8,GamePlay
FN:15,(anonymous_1)
FN:36,(anonymous_2)
FN:43,(anonymous_3)
FN:52,(anonymous_4)
FNF:5
FNH:1
FNDA:4,GamePlay
FNDA:0,(anonymous_1)
FNDA:0,(anonymous_2)
FNDA:0,(anonymous_3)
FNDA:0,(anonymous_4)
DA:9,4
DA:11,3
DA:13,3
DA:15,3
DA:16,0
DA:19,0
DA:21,0
DA:22,0
DA:24,0
DA:26,0
DA:28,0
DA:31,0
DA:36,3
DA:37,0
DA:38,0
DA:39,0
DA:43,3
DA:44,0
DA:47,3
DA:52,0
DA:68,1
DA:83,1
LF:22
LH:9
BRDA:19,0,0,0
BRDA:19,0,1,0
BRDA:21,1,0,0
BRDA:21,1,1,0
BRDA:49,2,0,3
BRDA:49,2,1,0
BRF:6
BRH:1
end_of_record
TN:
SF:src/Components/Home.jsx
FN:4,Home
FNF:1
FNH:1
FNDA:4,Home
DA:5,4
DA:20,2
DA:34,2
LF:3
LH:3
BRF:0
BRH:0
end_of_record
TN:
SF:src/Components/RollDice.jsx
FN:11,RollDice
FN:16,getRandomNumber
FN:21,(anonymous_2)
FN:28,getImageSource
FN:47,(anonymous_4)
FN:52,(anonymous_5)
FNF:6
FNH:2
FNDA:3,RollDice
FNDA:0,getRandomNumber
FNDA:0,(anonymous_2)
FNDA:3,getImageSource
FNDA:0,(anonymous_4)
FNDA:0,(anonymous_5)
DA:12,3
DA:13,3
DA:17,0
DA:21,3
DA:22,0
DA:23,0
DA:24,0
DA:29,3
DA:31,3
DA:33,0
DA:35,0
DA:37,0
DA:39,0
DA:41,0
DA:43,0
DA:47,3
DA:48,0
DA:52,3
DA:53,0
DA:55,3
DA:82,1
LF:21
LH:9
BRDA:29,0,0,3
BRDA:29,0,1,0
BRDA:29,0,2,0
BRDA:29,0,3,0
BRDA:29,0,4,0
BRDA:29,0,5,0
BRDA:29,0,6,0
BRDA:67,1,0,3
BRDA:67,1,1,0
BRF:9
BRH:2
end_of_record
TN:
SF:src/Components/SelectNumber.jsx
FN:5,SelectNumber
FN:11,(anonymous_1)
FN:21,(anonymous_2)
FN:22,(anonymous_3)
FN:56,(anonymous_4)
FN:57,(anonymous_5)
FNF:6
FNH:4
FNDA:3,SelectNumber
FNDA:0,(anonymous_1)
FNDA:18,(anonymous_2)
FNDA:0,(anonymous_3)
FNDA:18,(anonymous_4)
FNDA:18,(anonymous_5)
DA:6,3
DA:8,3
DA:11,3
DA:12,0
DA:13,0
DA:17,3
DA:22,18
DA:34,1
DA:47,1
DA:56,18
DA:57,18
LF:11
LH:9
BRDA:56,0,0,0
BRDA:56,0,1,18
BRDA:57,1,0,0
BRDA:57,1,1,18
BRF:4
BRH:2
end_of_record
TN:
SF:src/Components/TotalScore.jsx
FN:4,TotalScore
FNF:1
FNH:1
FNDA:3,TotalScore
DA:5,3
DA:15,1
LF:2
LH:2
BRF:0
BRH:0
end_of_record
